[debug] [2022-10-25T07:20:03.560Z] ----------------------------------------------------------------------
[debug] [2022-10-25T07:20:03.564Z] Command:       C:\Program Files\nodejs\node.exe C:\Users\muneeb\AppData\Roaming\npm\node_modules\firebase-tools\lib\bin\firebase.js init
[debug] [2022-10-25T07:20:03.564Z] CLI Version:   11.14.1
[debug] [2022-10-25T07:20:03.565Z] Platform:      win32
[debug] [2022-10-25T07:20:03.565Z] Node Version:  v16.14.2
[debug] [2022-10-25T07:20:03.566Z] Time:          Tue Oct 25 2022 12:20:03 GMT+0500 (Pakistan Standard Time)
[debug] [2022-10-25T07:20:03.567Z] ----------------------------------------------------------------------
[debug] 
[debug] [2022-10-25T07:20:03.579Z] > command requires scopes: ["email","openid","https://www.googleapis.com/auth/cloudplatformprojects.readonly","https://www.googleapis.com/auth/firebase","https://www.googleapis.com/auth/cloud-platform"]
[debug] [2022-10-25T07:20:03.580Z] > authorizing via signed-in user (muneebali500@gmail.com)
[info] 
     ######## #### ########  ######## ########     ###     ######  ########
     ##        ##  ##     ## ##       ##     ##  ##   ##  ##       ##
     ######    ##  ########  ######   ########  #########  ######  ######
     ##        ##  ##    ##  ##       ##     ## ##     ##       ## ##
     ##       #### ##     ## ######## ########  ##     ##  ######  ########

You're about to initialize a Firebase project in this directory:

  F:\learn-web-development\nodejs\simlga-tutorial\3-task-manager\starter

[info] 
=== Project Setup
[info] 
[info] First, let's associate this project directory with a Firebase project.
[info] You can create multiple project aliases by running firebase use --add, 
[info] but for now we'll just set up a default project.
[info] 
[debug] [2022-10-25T07:20:27.172Z] >>> [apiv2][query] GET https://firebase.googleapis.com/v1beta1/projects pageSize=100
[debug] [2022-10-25T07:20:28.591Z] <<< [apiv2][status] GET https://firebase.googleapis.com/v1beta1/projects 200
[debug] [2022-10-25T07:20:28.592Z] <<< [apiv2][body] GET https://firebase.googleapis.com/v1beta1/projects [omitted]
[info] i  Using project task-manager-api-189a4 (task-manager-api) 
[info] 
=== Functions Setup
[debug] [2022-10-25T07:20:30.148Z] > command requires scopes: ["email","openid","https://www.googleapis.com/auth/cloudplatformprojects.readonly","https://www.googleapis.com/auth/firebase","https://www.googleapis.com/auth/cloud-platform"]
[debug] [2022-10-25T07:20:30.150Z] > authorizing via signed-in user (muneebali500@gmail.com)
[debug] [2022-10-25T07:20:30.151Z] [iam] checking project task-manager-api-189a4 for permissions ["firebase.projects.get"]
[debug] [2022-10-25T07:20:30.158Z] >>> [apiv2][query] POST https://cloudresourcemanager.googleapis.com/v1/projects/task-manager-api-189a4:testIamPermissions [none]
[debug] [2022-10-25T07:20:30.158Z] >>> [apiv2][(partial)header] POST https://cloudresourcemanager.googleapis.com/v1/projects/task-manager-api-189a4:testIamPermissions x-goog-quota-user=projects/task-manager-api-189a4
[debug] [2022-10-25T07:20:30.159Z] >>> [apiv2][body] POST https://cloudresourcemanager.googleapis.com/v1/projects/task-manager-api-189a4:testIamPermissions {"permissions":["firebase.projects.get"]}
[debug] [2022-10-25T07:20:32.235Z] <<< [apiv2][status] POST https://cloudresourcemanager.googleapis.com/v1/projects/task-manager-api-189a4:testIamPermissions 200
[debug] [2022-10-25T07:20:32.236Z] <<< [apiv2][body] POST https://cloudresourcemanager.googleapis.com/v1/projects/task-manager-api-189a4:testIamPermissions {"permissions":["firebase.projects.get"]}
[debug] [2022-10-25T07:20:32.274Z] >>> [apiv2][query] GET https://serviceusage.googleapis.com/v1/projects/task-manager-api-189a4/services/cloudfunctions.googleapis.com [none]
[debug] [2022-10-25T07:20:32.274Z] >>> [apiv2][(partial)header] GET https://serviceusage.googleapis.com/v1/projects/task-manager-api-189a4/services/cloudfunctions.googleapis.com x-goog-quota-user=projects/task-manager-api-189a4
[debug] [2022-10-25T07:20:32.277Z] >>> [apiv2][query] GET https://serviceusage.googleapis.com/v1/projects/task-manager-api-189a4/services/runtimeconfig.googleapis.com [none]
[debug] [2022-10-25T07:20:32.278Z] >>> [apiv2][(partial)header] GET https://serviceusage.googleapis.com/v1/projects/task-manager-api-189a4/services/runtimeconfig.googleapis.com x-goog-quota-user=projects/task-manager-api-189a4
[debug] [2022-10-25T07:20:35.272Z] <<< [apiv2][status] GET https://serviceusage.googleapis.com/v1/projects/task-manager-api-189a4/services/cloudfunctions.googleapis.com 200
[debug] [2022-10-25T07:20:35.273Z] <<< [apiv2][body] GET https://serviceusage.googleapis.com/v1/projects/task-manager-api-189a4/services/cloudfunctions.googleapis.com [omitted]
[debug] [2022-10-25T07:20:35.274Z] >>> [apiv2][query] POST https://serviceusage.googleapis.com/v1/projects/task-manager-api-189a4/services/cloudfunctions.googleapis.com:enable [none]
[debug] [2022-10-25T07:20:35.274Z] >>> [apiv2][(partial)header] POST https://serviceusage.googleapis.com/v1/projects/task-manager-api-189a4/services/cloudfunctions.googleapis.com:enable x-goog-quota-user=projects/task-manager-api-189a4
[debug] [2022-10-25T07:20:36.528Z] <<< [apiv2][status] GET https://serviceusage.googleapis.com/v1/projects/task-manager-api-189a4/services/runtimeconfig.googleapis.com 200
[debug] [2022-10-25T07:20:36.529Z] <<< [apiv2][body] GET https://serviceusage.googleapis.com/v1/projects/task-manager-api-189a4/services/runtimeconfig.googleapis.com [omitted]
[debug] [2022-10-25T07:20:37.428Z] <<< [apiv2][status] POST https://serviceusage.googleapis.com/v1/projects/task-manager-api-189a4/services/cloudfunctions.googleapis.com:enable 200
[debug] [2022-10-25T07:20:37.430Z] <<< [apiv2][body] POST https://serviceusage.googleapis.com/v1/projects/task-manager-api-189a4/services/cloudfunctions.googleapis.com:enable [omitted]
[debug] [2022-10-25T07:20:47.444Z] >>> [apiv2][query] GET https://serviceusage.googleapis.com/v1/projects/task-manager-api-189a4/services/cloudfunctions.googleapis.com [none]
[debug] [2022-10-25T07:20:47.445Z] >>> [apiv2][(partial)header] GET https://serviceusage.googleapis.com/v1/projects/task-manager-api-189a4/services/cloudfunctions.googleapis.com x-goog-quota-user=projects/task-manager-api-189a4
[debug] [2022-10-25T07:20:49.135Z] <<< [apiv2][status] GET https://serviceusage.googleapis.com/v1/projects/task-manager-api-189a4/services/cloudfunctions.googleapis.com 200
[debug] [2022-10-25T07:20:49.136Z] <<< [apiv2][body] GET https://serviceusage.googleapis.com/v1/projects/task-manager-api-189a4/services/cloudfunctions.googleapis.com [omitted]
[info] Let's create a new codebase for your functions.
[info] A directory corresponding to the codebase will be created in your project
[info] with sample code pre-configured.

[info] See https://firebase.google.com/docs/functions/organize-functions for
[info] more information on organizing your functions using codebases.

[info] Functions can be deployed with firebase deploy.

[info] +  Wrote functions/package.json 
[info] +  Wrote functions/index.js 
[info] +  Wrote functions/.gitignore 
